...BCS says: c1e98f
....BCS says: 5200005ffffffe
....BCS says: 5200015ffffffe
...........Volts: 343.9	Amps: -15.6	Watts: -5364
..........Volts: 343.7	Amps: -15.6	Watts: -5361
..........Volts: 343.6	Amps: -15.7	Watts: -5394
..........Volts: 343.8	Amps: -15.7	Watts: -5397
..........Volts: 343.9	Amps: -15.7	Watts: -5399
..........Volts: 343.7	Amps: -15.7	Watts: -5396
..........Volts: 343.6	Amps: -15.7	Watts: -5394
..........Volts: 343.6	Amps: -15.6	Watts: -5360
..........Volts: 343.9	Amps: -15.7	Watts: -5399
..........Volts: 343.9	Amps: -15.7	Watts: -5399
..........Volts: 343.6	Amps: -15.7	Watts: -5394
..........Volts: 343.7	Amps: -15.7	Watts: -5396
..........Volts: 343.6	Amps: -15.7	Watts: -5394
..........Volts: 343.6	Amps: -15.6	Watts: -5360
..........Volts: 343.6	Amps: -15.6	Watts: -5360
..........Volts: 343.5	Amps: -15.7	Watts: -5392
..........Volts: 344.0	Amps: -15.7	Watts: -5400
..........Volts: 343.9	Amps: -15.7	Watts: -5399
..........Volts: 343.6	Amps: -15.7	Watts: -5394
..........Volts: 343.7	Amps: -15.7	Watts: -5396
...........Volts: 343.8	Amps: -15.7	Watts: -5397
..........Volts: 343.4	Amps: -15.7	Watts: -5391
..........Volts: 344.3	Amps: -15.7	Watts: -5405
..........Volts: 343.7	Amps: -15.7	Watts: -5396
..........Volts: 343.7	Amps: -15.7	Watts: -5396
..........Volts: 343.8	Amps: -15.7	Watts: -5397
..........Volts: 343.5	Amps: -15.7	Watts: -5392
..........Volts: 343.8	Amps: -15.7	Watts: -5397
.........Volts: 343.9	Amps: -15.7	Watts: -5399
..........Volts: 343.9	Amps: -15.7	Watts: -5399
..........Volts: 343.9	Amps: -15.7	Watts: -5399
.........Volts: 343.9	Amps: -15.6	Watts: -5364
..........Volts: 344.1	Amps: -15.7	Watts: -5402
..........Volts: 344.2	Amps: -15.7	Watts: -5403
..........Volts: 343.6	Amps: -15.7	Watts: -5394
..........Volts: 343.8	Amps: -15.7	Watts: -5397
..........Volts: 343.7	Amps: -15.7	Watts: -5396
..........Volts: 343.9	Amps: -15.6	Watts: -5364
..........Volts: 344.1	Amps: -15.7	Watts: -5402
..........Volts: 343.5	Amps: -15.7	Watts: -5392
..........Volts: 344.0	Amps: -15.7	Watts: -5400
..........Volts: 343.9	Amps: -15.7	Watts: -5399
..........Volts: 343.7	Amps: -15.7	Watts: -5396
..........Volts: 344.3	Amps: -15.7	Watts: -5405
..........Volts: 344.1	Amps: -15.7	Watts: -5402
..........Volts: 343.7	Amps: -15.7	Watts: -5396
..........Volts: 344.1	Amps: -15.7	Watts: -5402
..........Volts: 344.2	Amps: -15.7	Watts: -5403
..........Volts: 344.0	Amps: -15.7	Watts: -5400
..........Volts: 343.8	Amps: -15.6	Watts: -5363
..........Volts: 343.7	Amps: -15.7	Watts: -5396
..........Volts: 343.7	Amps: -15.7	Watts: -5396
..........Volts: 344.0	Amps: -15.7	Watts: -5400
..........Volts: 343.9	Amps: -15.7	Watts: -5399
..........Volts: 343.7	Amps: -15.7	Watts: -5396
..........Volts: 343.8	Amps: -15.7	Watts: -5397
..........Volts: 343.9	Amps: -15.7	Watts: -5399
..........Volts: 343.7	Amps: -15.7	Watts: -5396
..........Volts: 344.0	Amps: -15.7	Watts: -5400
..........Volts: 343.6	Amps: -15.7	Watts: -5394
..........Volts: 344.0	Amps: -15.7	Watts: -5400
..........Volts: 344.1	Amps: -15.7	Watts: -5402
..........Volts: 344.1	Amps: -15.7	Watts: -5402
..........Volts: 343.9	Amps: -15.7	Watts: -5399
..........Volts: 344.2	Amps: -15.7	Watts: -5403
.........Volts: 344.1	Amps: -15.7	Watts: -5402
..........Volts: 343.8	Amps: -15.7	Watts: -5397
..........Volts: 344.2	Amps: -15.7	Watts: -5403
..........Volts: 343.7	Amps: -15.7	Watts: -5396
..........Volts: 343.8	Amps: -15.6	Watts: -5363
..........Volts: 344.0	Amps: -15.7	Watts: -5400
..........Volts: 344.2	Amps: -15.7	Watts: -5403
..........Volts: 343.9	Amps: -15.6	Watts: -5364
..........Volts: 344.3	Amps: -15.7	Watts: -5405
..........Volts: 344.4	Amps: -15.6	Watts: -5372
...........Volts: 344.4	Amps: -15.7	Watts: -5407
............Volts: 344.0	Amps: -15.7	Watts: -5400
...........Volts: 343.8	Amps: -15.7	Watts: -5397
............Volts: 344.2	Amps: -15.7	Watts: -5403
...........Volts: 344.1	Amps: -15.7	Watts: -5402
...........Volts: 343.9	Amps: -15.7	Watts: -5399
..........Volts: 343.8	Amps: -15.7	Watts: -5397
..........Volts: 344.1	Amps: -15.7	Watts: -5402
..........Volts: 344.1	Amps: -15.7	Watts: -5402
..........Volts: 343.7	Amps: -15.7	Watts: -5396
..........Volts: 344.2	Amps: -15.7	Watts: -5403
..........Volts: 343.7	Amps: -15.7	Watts: -5396
..........Volts: 343.8	Amps: -15.7	Watts: -5397
..........Volts: 344.0	Amps: -15.7	Watts: -5400
..........Volts: 344.0	Amps: -15.7	Watts: -5400
..........Volts: 343.9	Amps: -15.7	Watts: -5399
..........Volts: 344.3	Amps: -15.7	Watts: -5405
..........Volts: 344.2	Amps: -15.7	Watts: -5403
..........Volts: 343.8	Amps: -15.7	Watts: -5397
..........Volts: 344.1	Amps: -15.7	Watts: -5402
..........Volts: 344.1	Amps: -15.7	Watts: -5402
..........Volts: 344.3	Amps: -15.7	Watts: -5405
..........Volts: 343.7	Amps: -15.7	Watts: -5396
..........Volts: 343.7	Amps: -15.7	Watts: -5396
..........Volts: 344.2	Amps: -15.7	Watts: -5403
..........Volts: 343.9	Amps: -15.7	Watts: -5399
..........Volts: 344.5	Amps: -15.7	Watts: -5408
..........Volts: 343.8	Amps: -15.7	Watts: -5397
..........Volts: 344.1	Amps: -15.7	Watts: -5402
..........Volts: 343.8	Amps: -15.7	Watts: -5397
..........Volts: 344.6	Amps: -15.7	Watts: -5410
..........Volts: 344.0	Amps: -15.7	Watts: -5400
..........Volts: 344.1	Amps: -15.7	Watts: -5402
..........Volts: 344.3	Amps: -15.7	Watts: -5405
..........Volts: 343.9	Amps: -15.7	Watts: -5399
..........Volts: 343.8	Amps: -15.7	Watts: -5397
..........Volts: 344.0	Amps: -15.7	Watts: -5400
..........Volts: 343.8	Amps: -15.6	Watts: -5363
..........Volts: 344.3	Amps: -15.7	Watts: -5405
..........Volts: 344.1	Amps: -15.7	Watts: -5402
..........Volts: 344.4	Amps: -15.7	Watts: -5407
..........Volts: 344.2	Amps: -15.7	Watts: -5403
..........Volts: 344.5	Amps: -15.7	Watts: -5408
..........Volts: 344.4	Amps: -15.6	Watts: -5372
..........Volts: 343.9	Amps: -15.7	Watts: -5399
..........Volts: 344.5	Amps: -15.7	Watts: -5408
..........Volts: 344.2	Amps: -15.6	Watts: -5369
.........Volts: 344.2	Amps: -15.7	Watts: -5403
..........Volts: 344.4	Amps: -15.7	Watts: -5407
..........Volts: 344.0	Amps: -15.7	Watts: -5400
..........Volts: 344.2	Amps: -15.7	Watts: -5403
..........Volts: 344.1	Amps: -15.7	Watts: -5402
..........Volts: 344.3	Amps: -15.7	Watts: -5405
..........Volts: 343.8	Amps: -15.7	Watts: -5397
..........Volts: 344.7	Amps: -15.7	Watts: -5411
..........Volts: 344.0	Amps: -15.7	Watts: -5400
..........Volts: 344.5	Amps: -15.7	Watts: -5408
..........Volts: 344.3	Amps: -15.7	Watts: -5405
..........Volts: 344.3	Amps: -15.7	Watts: -5405
..........Volts: 344.4	Amps: -15.7	Watts: -5407
..........Volts: 344.1	Amps: -15.7	Watts: -5402
..........Volts: 344.4	Amps: -15.7	Watts: -5407
..........Volts: 344.5	Amps: -15.7	Watts: -5408
..........Volts: 344.3	Amps: -15.7	Watts: -5405
..........Volts: 344.0	Amps: -15.7	Watts: -5400
..........Volts: 344.2	Amps: -15.7	Watts: -5403
..........Volts: 344.3	Amps: -15.7	Watts: -5405
..........Volts: 344.1	Amps: -15.7	Watts: -5402
.........Volts: 344.4	Amps: -15.6	Watts: -5372
.........Volts: 344.1	Amps: -15.7	Watts: -5402
.........Volts: 344.6	Amps: -15.7	Watts: -5410
.........Volts: 344.4	Amps: -15.6	Watts: -5372
.........Volts: 344.4	Amps: -15.7	Watts: -5407
.........Volts: 344.0	Amps: -15.7	Watts: -5400
..........Volts: 344.6	Amps: -15.7	Watts: -5410
.........Volts: 344.5	Amps: -15.7	Watts: -5408
.........Volts: 344.1	Amps: -15.7	Watts: -5402
.........Volts: 344.4	Amps: -15.7	Watts: -5407
..........Volts: 344.3	Amps: -15.7	Watts: -5405
..........Volts: 344.2	Amps: -15.6	Watts: -5369
..........Volts: 344.4	Amps: -15.7	Watts: -5407
...........Volts: 344.2	Amps: -15.7	Watts: -5403
..........Volts: 344.0	Amps: -15.7	Watts: -5400
..........Volts: 344.7	Amps: -15.7	Watts: -5411
..........Volts: 344.5	Amps: -15.7	Watts: -5408
..........Volts: 344.1	Amps: -15.7	Watts: -5402
..........Volts: 344.4	Amps: -15.7	Watts: -5407
..........Volts: 344.2	Amps: -15.7	Watts: -5403
..........Volts: 344.2	Amps: -15.7	Watts: -5403
..........Volts: 344.5	Amps: -15.7	Watts: -5408
..........Volts: 344.0	Amps: -15.7	Watts: -5400
..........Volts: 344.5	Amps: -15.7	Watts: -5408
..........Volts: 344.4	Amps: -15.7	Watts: -5407
..........Volts: 344.6	Amps: -15.7	Watts: -5410
.........Volts: 344.1	Amps: -15.7	Watts: -5402
..........Volts: 344.6	Amps: -15.7	Watts: -5410
.........Volts: 344.2	Amps: -15.7	Watts: -5403
..........Volts: 344.6	Amps: -15.7	Watts: -5410
..........Volts: 343.9	Amps: -15.7	Watts: -5399
..........Volts: 344.3	Amps: -15.7	Watts: -5405
..........Volts: 344.3	Amps: -15.7	Watts: -5405
.........Volts: 344.3	Amps: -15.7	Watts: -5405
..........Volts: 344.1	Amps: -15.7	Watts: -5402
..........Volts: 344.3	Amps: -15.7	Watts: -5405
.........Volts: 344.3	Amps: -15.6	Watts: -5371
..........Volts: 344.6	Amps: -15.7	Watts: -5410
.........Volts: 344.4	Amps: -15.7	Watts: -5407
..........Volts: 344.6	Amps: -15.7	Watts: -5410
..........Volts: 344.4	Amps: -15.7	Watts: -5407
..........Volts: 344.1	Amps: -15.7	Watts: -5402
..........Volts: 344.4	Amps: -15.7	Watts: -5407
..........Volts: 344.3	Amps: -15.7	Watts: -5405
..........Volts: 344.3	Amps: -15.7	Watts: -5405
..........Volts: 344.2	Amps: -15.6	Watts: -5369
..........Volts: 344.3	Amps: -15.7	Watts: -5405
..........Volts: 344.5	Amps: -15.7	Watts: -5408
..........Volts: 344.5	Amps: -15.7	Watts: -5408
..........Volts: 344.0	Amps: -15.7	Watts: -5400
..........Volts: 344.6	Amps: -15.7	Watts: -5410
..........Volts: 344.6	Amps: -15.7	Watts: -5410
..........Volts: 344.6	Amps: -15.7	Watts: -5410
..........Volts: 344.5	Amps: -15.7	Watts: -5408
..........Volts: 343.8	Amps: -15.7	Watts: -5397
..........Volts: 344.1	Amps: -15.7	Watts: -5402
..........Volts: 344.4	Amps: -15.7	Watts: -5407
..........Volts: 344.6	Amps: -15.6	Watts: -5375
..........Volts: 344.3	Amps: -15.7	Watts: -5405
..........Volts: 344.7	Amps: -15.7	Watts: -5411
..........Volts: 344.4	Amps: -15.7	Watts: -5407
..........Volts: 344.1	Amps: -15.7	Watts: -5402
..........Volts: 344.5	Amps: -15.7	Watts: -5408
..........Volts: 344.3	Amps: -15.7	Watts: -5405
..........Volts: 344.2	Amps: -15.7	Watts: -5403
..........Volts: 343.9	Amps: -15.6	Watts: -5364
..........Volts: 344.9	Amps: -15.7	Watts: -5414
..........Volts: 344.6	Amps: -15.6	Watts: -5375
..........Volts: 344.2	Amps: -15.6	Watts: -5369
..........Volts: 344.7	Amps: -15.6	Watts: -5377
..........Volts: 344.5	Amps: -15.7	Watts: -5408
..........Volts: 344.5	Amps: -15.7	Watts: -5408
..........Volts: 344.5	Amps: -15.7	Watts: -5408
..........Volts: 344.3	Amps: -15.7	Watts: -5405
..........Volts: 344.7	Amps: -15.6	Watts: -5377
..........Volts: 344.6	Amps: -15.7	Watts: -5410
..........Volts: 344.7	Amps: -15.7	Watts: -5411
..........Volts: 344.4	Amps: -15.7	Watts: -5407
..........Volts: 344.4	Amps: -15.7	Watts: -5407
..........Volts: 344.6	Amps: -15.7	Watts: -5410
..........Volts: 344.1	Amps: -15.7	Watts: -5402
..........Volts: 344.2	Amps: -15.7	Watts: -5403
..........Volts: 344.5	Amps: -15.7	Watts: -5408
..........Volts: 344.4	Amps: -15.7	Watts: -5407
..........Volts: 344.2	Amps: -15.7	Watts: -5403
.........Volts: 344.7	Amps: -15.7	Watts: -5411
..........Volts: 344.7	Amps: -15.7	Watts: -5411
..........Volts: 344.7	Amps: -15.7	Watts: -5411
..........Volts: 344.7	Amps: -15.7	Watts: -5411
..........Volts: 344.3	Amps: -15.6	Watts: -5371
..........Volts: 344.4	Amps: -15.6	Watts: -5372
..........Volts: 344.8	Amps: -15.6	Watts: -5378
..........Volts: 341.7	Amps: -9.1	Watts: -3109
..........Volts: 341.6	Amps: -6553.6	Watts: -2238709
..........Volts: 0.4	Amps: -6553.6	Watts: -2621
..........Volts: 499.5	Amps: -6553.6	Watts: -3273523
..................................................................................................^C
