...BCS says: c1e98f
....BCS says: 5200005ffffffe
....BCS says: 5200015ffffffe
..........Volts: 342.8	Amps: -15.7	Watts: -5381
..........Volts: 343.0	Amps: -15.6	Watts: -5350
..........Volts: 343.0	Amps: -15.7	Watts: -5385
..........Volts: 343.0	Amps: -15.7	Watts: -5385
..........Volts: 342.8	Amps: -15.7	Watts: -5381
..........Volts: 342.9	Amps: -15.7	Watts: -5383
..........Volts: 342.9	Amps: -15.7	Watts: -5383
..........Volts: 343.3	Amps: -15.7	Watts: -5389
..........Volts: 342.8	Amps: -15.7	Watts: -5381
..........Volts: 343.2	Amps: -15.7	Watts: -5388
..........Volts: 342.8	Amps: -15.7	Watts: -5381
..........Volts: 343.1	Amps: -15.7	Watts: -5386
..........Volts: 343.0	Amps: -15.7	Watts: -5385
..........Volts: 342.9	Amps: -15.7	Watts: -5383
..........Volts: 343.2	Amps: -15.7	Watts: -5388
...........Volts: 342.9	Amps: -15.7	Watts: -5383
..........Volts: 343.0	Amps: -15.7	Watts: -5385
..........Volts: 342.4	Amps: -15.7	Watts: -5375
..........Volts: 343.0	Amps: -15.6	Watts: -5350
..........Volts: 343.0	Amps: -15.7	Watts: -5385
..........Volts: 342.7	Amps: -15.7	Watts: -5380
..........Volts: 343.0	Amps: -15.7	Watts: -5385
..........Volts: 342.9	Amps: -15.7	Watts: -5383
..........Volts: 343.0	Amps: -15.7	Watts: -5385
..........Volts: 342.8	Amps: -15.7	Watts: -5381
..........Volts: 343.1	Amps: -15.7	Watts: -5386
..........Volts: 343.4	Amps: -15.7	Watts: -5391
.........Volts: 343.2	Amps: -15.7	Watts: -5388
..........Volts: 343.3	Amps: -15.7	Watts: -5389
..........Volts: 343.0	Amps: -15.7	Watts: -5385
..........Volts: 343.4	Amps: -15.7	Watts: -5391
..........Volts: 343.3	Amps: -15.7	Watts: -5389
..........Volts: 343.4	Amps: -15.7	Watts: -5391
..........Volts: 343.1	Amps: -15.7	Watts: -5386
..........Volts: 343.0	Amps: -15.6	Watts: -5350
..........Volts: 342.8	Amps: -15.6	Watts: -5347
..........Volts: 343.1	Amps: -15.7	Watts: -5386
..........Volts: 342.5	Amps: -15.7	Watts: -5377
..........Volts: 342.9	Amps: -15.7	Watts: -5383
..........Volts: 343.3	Amps: -15.7	Watts: -5389
