all: b'\x00\x00\x00'
...BCS says: c1e98f
...BCS says: 5200005ffffffe
...BCS says: 5200015ffffffe
.........Volts: 308.5	Amps: 0.9	Watts: 277
..........Volts: 308.5	Amps: 0.9	Watts: 277
..........Volts: 308.5	Amps: 0.9	Watts: 277
..........Volts: 308.5	Amps: 0.9	Watts: 277
..........Volts: 308.5	Amps: 0.9	Watts: 277
..........Volts: 308.5	Amps: 0.9	Watts: 277
..........Volts: 308.5	Amps: 0.9	Watts: 277
..........Volts: 308.5	Amps: 0.9	Watts: 277
..........Volts: 308.5	Amps: 0.9	Watts: 277
..........Volts: 308.5	Amps: 0.9	Watts: 277
..........Volts: 308.5	Amps: 0.9	Watts: 277
..........Volts: 308.5	Amps: 0.9	Watts: 277
...........Volts: 308.5	Amps: 0.9	Watts: 277
..........Volts: 308.5	Amps: 0.9	Watts: 277
...........Volts: 308.5	Amps: 1.0	Watts: 308
..........Volts: 308.5	Amps: 1.2	Watts: 370
..........Volts: 308.5	Amps: 1.2	Watts: 370
..........Volts: 308.4	Amps: 1.2	Watts: 370
..........Volts: 308.5	Amps: 1.2	Watts: 370
...........Volts: 308.5	Amps: 1.2	Watts: 370
..........Volts: 308.5	Amps: 1.2	Watts: 370
..........Volts: 308.5	Amps: 1.2	Watts: 370
..........Volts: 308.5	Amps: 1.2	Watts: 370
..........Volts: 308.5	Amps: 1.2	Watts: 370
..........Volts: 308.4	Amps: 1.5	Watts: 462
............Volts: 307.3	Amps: 2.9	Watts: 891
............Volts: 307.8	Amps: 4.7	Watts: 1446
...........Volts: 307.6	Amps: 4.5	Watts: 1384
............Volts: 307.5	Amps: 4.4	Watts: 1353
..........Volts: 308.1	Amps: 3.9	Watts: 1201
..........Volts: 308.0	Amps: 3.7	Watts: 1139
..........Volts: 307.7	Amps: 4.8	Watts: 1476
..........Volts: 307.2	Amps: 6.6	Watts: 2027
..........Volts: 307.4	Amps: 6.3	Watts: 1936
..........Volts: 307.9	Amps: 4.5	Watts: 1385
...........Volts: 308.2	Amps: 2.6	Watts: 801
..........Volts: 307.2	Amps: 4.3	Watts: 1320
...........Volts: 307.9	Amps: 5.6	Watts: 1724
...........Volts: 305.9	Amps: 8.7	Watts: 2661
..........Volts: 308.0	Amps: 8.8	Watts: 2710
..........Volts: 306.5	Amps: 11.6	Watts: 3555
..........Volts: 305.9	Amps: 13.2	Watts: 4037
...........Volts: 303.1	Amps: 13.7	Watts: 4152
...........Volts: 305.5	Amps: 28.2	Watts: 8615
..........Volts: 305.8	Amps: 20.9	Watts: 6391
...........Volts: 308.2	Amps: 5.9	Watts: 1818
...........Volts: 308.5	Amps: 0.0	Watts: 0
..........Volts: 309.0	Amps: -8.0	Watts: -2472
..........Volts: 308.3	Amps: -4.2	Watts: -1294
...........Volts: 308.2	Amps: 0.8	Watts: 246
..........Volts: 308.3	Amps: 0.4	Watts: 123
...........Volts: 308.1	Amps: 1.2	Watts: 369
............Volts: 308.2	Amps: 1.8	Watts: 554
..........Volts: 308.1	Amps: 1.8	Watts: 554
...........Volts: 308.3	Amps: 1.7	Watts: 524
...........Volts: 308.3	Amps: 4.0	Watts: 1233
..........Volts: 307.8	Amps: 5.1	Watts: 1569
..........Volts: 308.0	Amps: 5.4	Watts: 1663
..........Volts: 308.0	Amps: 2.8	Watts: 862
...........Volts: 307.8	Amps: 2.0	Watts: 615
...........Volts: 307.7	Amps: 2.0	Watts: 615
..........Volts: 308.1	Amps: 2.0	Watts: 616
..........Volts: 307.4	Amps: 1.9	Watts: 584
..........Volts: 308.0	Amps: 1.9	Watts: 585
..........Volts: 308.0	Amps: 1.7	Watts: 523
...........Volts: 305.7	Amps: 1.8	Watts: 550
............Volts: 303.8	Amps: 18.1	Watts: 5498
...........Volts: 304.3	Amps: 24.7	Watts: 7516
...........Volts: 302.5	Amps: 23.9	Watts: 7229
..........Volts: 302.6	Amps: 28.1	Watts: 8503
..........Volts: 302.3	Amps: 31.5	Watts: 9522
..........Volts: 304.7	Amps: 20.0	Watts: 6094
..........Volts: 309.3	Amps: 16.4	Watts: 5072
..........Volts: 309.0	Amps: 4.7	Watts: 1452
...........Volts: 308.8	Amps: -5.0	Watts: -1544
..........Volts: 308.8	Amps: -5.1	Watts: -1574
...........Volts: 308.6	Amps: -12.9	Watts: -3980
..........Volts: 307.9	Amps: -2.3	Watts: -708
..........Volts: 308.1	Amps: 1.3	Watts: 400
..........Volts: 308.1	Amps: 1.2	Watts: 369
..........Volts: 308.0	Amps: 1.2	Watts: 369
..........Volts: 308.0	Amps: 1.2	Watts: 369
..........Volts: 308.1	Amps: 1.2	Watts: 369
..........Volts: 308.1	Amps: 1.2	Watts: 369
..........Volts: 308.1	Amps: 1.2	Watts: 369
..........Volts: 308.1	Amps: 1.2	Watts: 369
..........Volts: 308.1	Amps: 1.2	Watts: 369
...........Volts: 308.1	Amps: 1.2	Watts: 369
..........Volts: 308.1	Amps: 1.2	Watts: 369
............Volts: 308.1	Amps: 1.2	Watts: 369
...........Volts: 308.1	Amps: 1.2	Watts: 369
...........Volts: 308.1	Amps: 1.2	Watts: 369
..........Volts: 308.1	Amps: 1.2	Watts: 369
...........Volts: 308.1	Amps: 1.2	Watts: 369
...........Volts: 308.1	Amps: 1.2	Watts: 369
..........Volts: 308.1	Amps: 1.2	Watts: 369
..........Volts: 308.1	Amps: 1.2	Watts: 369
..........Volts: 308.1	Amps: 1.2	Watts: 369
...........Volts: 308.0	Amps: 1.2	Watts: 369
...........Volts: 308.1	Amps: 1.2	Watts: 369
..........Volts: 308.1	Amps: 1.2	Watts: 369
...........Volts: 308.1	Amps: 1.2	Watts: 369
...........Volts: 308.0	Amps: 1.2	Watts: 369
..........Volts: 308.0	Amps: 1.2	Watts: 369
............Volts: 308.0	Amps: 1.7	Watts: 523
...........Volts: 308.1	Amps: 1.5	Watts: 462
..........Volts: 308.1	Amps: 1.2	Watts: 369
..........Volts: 308.1	Amps: 1.2	Watts: 369
...........Volts: 308.0	Amps: 1.2	Watts: 369
..........Volts: 308.1	Amps: 1.2	Watts: 369
............Volts: 308.1	Amps: 1.2	Watts: 369
...........Volts: 308.1	Amps: 1.2	Watts: 369
..........Volts: 308.0	Amps: 1.2	Watts: 369
..........Volts: 308.0	Amps: 1.2	Watts: 369
...........Volts: 308.1	Amps: 1.2	Watts: 369
..........Volts: 308.1	Amps: 1.2	Watts: 369
...........Volts: 308.1	Amps: 1.2	Watts: 369
..........Volts: 308.1	Amps: 1.0	Watts: 308
...........Volts: 308.1	Amps: 1.0	Watts: 308
..........Volts: 308.0	Amps: 1.0	Watts: 308
..........Volts: 308.1	Amps: 1.0	Watts: 308
...........Volts: 308.1	Amps: 1.0	Watts: 308
..........Volts: 308.1	Amps: 1.0	Watts: 308
..........Volts: 308.0	Amps: 1.0	Watts: 308
...........Volts: 308.1	Amps: 1.0	Watts: 308
..........Volts: 308.1	Amps: 1.0	Watts: 308
...........Volts: 308.0	Amps: 1.0	Watts: 308
...........Volts: 308.0	Amps: 1.0	Watts: 308
..........Volts: 308.1	Amps: 1.0	Watts: 308
...........Volts: 308.1	Amps: 1.0	Watts: 308
..........Volts: 308.0	Amps: 1.0	Watts: 308
..........Volts: 308.1	Amps: 1.0	Watts: 308
...........Volts: 308.0	Amps: 1.0	Watts: 308
..........Volts: 308.1	Amps: 1.0	Watts: 308
..........Volts: 308.1	Amps: 1.0	Watts: 308
..........Volts: 308.1	Amps: 1.0	Watts: 308
...........Volts: 308.1	Amps: 1.0	Watts: 308
...........Volts: 308.1	Amps: 1.0	Watts: 308
...........Volts: 308.0	Amps: 1.0	Watts: 308
..........Volts: 306.9	Amps: 1.3	Watts: 398
..........Volts: 301.8	Amps: 16.8	Watts: 5070
...........Volts: 299.8	Amps: 43.7	Watts: 13101
..........Volts: 303.0	Amps: 33.0	Watts: 9999
...........Volts: 304.4	Amps: 24.2	Watts: 7366
..........Volts: 305.5	Amps: 22.7	Watts: 6934
..........Volts: 309.7	Amps: 15.3	Watts: 4738
...........Volts: 308.5	Amps: -6.7	Watts: -2066
..........Volts: 308.8	Amps: -4.9	Watts: -1513
..........Volts: 308.7	Amps: -6.2	Watts: -1913
..........Volts: 308.5	Amps: -5.1	Watts: -1573
..........Volts: 308.3	Amps: -2.9	Watts: -894
...........Volts: 307.9	Amps: -1.1	Watts: -338
..........Volts: 307.3	Amps: 0.4	Watts: 122
...........Volts: 307.7	Amps: 4.2	Watts: 1292
..........Volts: 307.7	Amps: 4.3	Watts: 1323
..........Volts: 307.6	Amps: 4.6	Watts: 1414
...........Volts: 307.1	Amps: 4.5	Watts: 1381
..........Volts: 307.7	Amps: 4.3	Watts: 1323
...........Volts: 306.9	Amps: 4.2	Watts: 1288
..........Volts: 306.5	Amps: 4.1	Watts: 1256
..........Volts: 307.4	Amps: 4.1	Watts: 1260
..........Volts: 307.0	Amps: 3.1	Watts: 951
..........Volts: 306.9	Amps: 3.8	Watts: 1166
...........Volts: 306.8	Amps: 4.3	Watts: 1319
...........Volts: 307.1	Amps: 4.0	Watts: 1228
...........Volts: 307.4	Amps: 2.4	Watts: 737
..........Volts: 307.5	Amps: 2.8	Watts: 861
..........Volts: 307.2	Amps: 4.2	Watts: 1290
...........Volts: 307.1	Amps: 4.5	Watts: 1381
............Volts: 307.0	Amps: 3.7	Watts: 1135
...........Volts: 305.9	Amps: 4.2	Watts: 1284
..........Volts: 306.2	Amps: 4.5	Watts: 1377
...........Volts: 307.3	Amps: 4.1	Watts: 1259
..........Volts: 307.0	Amps: 4.4	Watts: 1350
..........Volts: 306.8	Amps: 5.1	Watts: 1564
...........Volts: 307.1	Amps: 5.1	Watts: 1566
..........Volts: 306.8	Amps: 3.5	Watts: 1073
...........Volts: 307.3	Amps: 4.5	Watts: 1382
..........Volts: 307.2	Amps: 3.7	Watts: 1136
..........Volts: 307.2	Amps: 3.3	Watts: 1013
...........Volts: 307.3	Amps: 3.4	Watts: 1044
...........Volts: 306.8	Amps: 4.0	Watts: 1227
..........Volts: 306.9	Amps: 4.3	Watts: 1319
..........Volts: 307.4	Amps: 4.4	Watts: 1352
..........Volts: 306.9	Amps: 4.6	Watts: 1411
..........Volts: 306.6	Amps: 4.6	Watts: 1410
...........Volts: 306.6	Amps: 4.5	Watts: 1379
..........Volts: 308.3	Amps: 4.4	Watts: 1356
..........Volts: 307.3	Amps: 3.4	Watts: 1044
...........Volts: 307.1	Amps: 3.3	Watts: 1013
..........Volts: 307.8	Amps: 4.1	Watts: 1261
...........Volts: 307.4	Amps: 4.4	Watts: 1352
..........Volts: 307.3	Amps: 4.5	Watts: 1382
...........Volts: 307.7	Amps: 4.5	Watts: 1384
...........Volts: 307.4	Amps: 4.4	Watts: 1352
..........Volts: 306.8	Amps: 4.5	Watts: 1380
.........Volts: 306.6	Amps: 4.3	Watts: 1318
...........Volts: 305.5	Amps: 8.4	Watts: 2566
...........Volts: 305.5	Amps: 11.1	Watts: 3391
..........Volts: 304.5	Amps: 15.8	Watts: 4811
..........Volts: 307.2	Amps: 10.1	Watts: 3102
...........Volts: 306.7	Amps: 3.1	Watts: 950
...........Volts: 306.2	Amps: 4.7	Watts: 1439
..........Volts: 306.4	Amps: 14.3	Watts: 4381
...........Volts: 306.9	Amps: 3.1	Watts: 951
..........Volts: 306.8	Amps: 3.3	Watts: 1012
...........Volts: 306.3	Amps: 3.7	Watts: 1133
..........Volts: 306.2	Amps: 11.0	Watts: 3368
..........Volts: 307.2	Amps: 4.5	Watts: 1382
..........Volts: 307.1	Amps: 3.9	Watts: 1197
..........Volts: 302.5	Amps: 14.8	Watts: 4477
...........Volts: 303.7	Amps: 39.1	Watts: 11874
..........Volts: 307.0	Amps: 23.4	Watts: 7183
..........Volts: 307.6	Amps: 2.4	Watts: 738
..........Volts: 307.9	Amps: -0.2	Watts: -61
..........Volts: 307.3	Amps: -1.9	Watts: -583
...........Volts: 306.2	Amps: 5.1	Watts: 1561
..........Volts: 306.6	Amps: 7.9	Watts: 2422
..........Volts: 306.2	Amps: 7.9	Watts: 2418
..........Volts: 306.5	Amps: 4.9	Watts: 1501
...........Volts: 307.0	Amps: 3.6	Watts: 1105
..........Volts: 306.8	Amps: 3.8	Watts: 1165
..........Volts: 306.9	Amps: 4.0	Watts: 1227
...........Volts: 306.8	Amps: 4.1	Watts: 1257
..........Volts: 305.3	Amps: 10.4	Watts: 3175
..........Volts: 306.5	Amps: 9.5	Watts: 2911
..........Volts: 307.0	Amps: 3.5	Watts: 1074
..........Volts: 307.2	Amps: 3.9	Watts: 1198
..........Volts: 306.8	Amps: 3.9	Watts: 1196
...........Volts: 305.3	Amps: 4.0	Watts: 1221
...........Volts: 302.4	Amps: 9.5	Watts: 2872
..........Volts: 304.4	Amps: 18.1	Watts: 5509
..........Volts: 305.8	Amps: 10.0	Watts: 3058
..........Volts: 305.6	Amps: 12.4	Watts: 3789
...........Volts: 305.2	Amps: 12.2	Watts: 3723
..........Volts: 301.7	Amps: 6.9	Watts: 2081
...........Volts: 301.0	Amps: 25.7	Watts: 7735
..........Volts: 306.2	Amps: 41.9	Watts: 12829
..........Volts: 307.1	Amps: 1.7	Watts: 522
...........Volts: 307.3	Amps: -0.1	Watts: -30
...........Volts: 307.0	Amps: 0.4	Watts: 122
...........Volts: 306.8	Amps: 1.2	Watts: 368
..........Volts: 306.5	Amps: 2.6	Watts: 796
..........Volts: 306.5	Amps: 3.3	Watts: 1011
..........Volts: 307.2	Amps: 3.8	Watts: 1167
..........Volts: 305.0	Amps: 6.6	Watts: 2013
..........Volts: 304.9	Amps: 8.2	Watts: 2500
...........Volts: 303.7	Amps: 5.0	Watts: 1518
...........Volts: 303.9	Amps: 14.7	Watts: 4467
...........Volts: 305.5	Amps: 13.6	Watts: 4154
...........Volts: 302.7	Amps: 13.2	Watts: 3995
...........Volts: 304.4	Amps: 20.7	Watts: 6301
..........Volts: 305.7	Amps: 9.0	Watts: 2751
..........Volts: 306.8	Amps: 4.2	Watts: 1288
...........Volts: 308.1	Amps: 0.0	Watts: 0
..........Volts: 307.0	Amps: -1.2	Watts: -368
..........Volts: 306.8	Amps: 1.0	Watts: 306
..........Volts: 306.0	Amps: 2.8	Watts: 856
..........Volts: 306.6	Amps: 3.6	Watts: 1103
...........Volts: 305.5	Amps: 3.8	Watts: 1160
...........Volts: 305.2	Amps: 3.9	Watts: 1190
...........Volts: 306.1	Amps: 8.7	Watts: 2663
..........Volts: 305.6	Amps: 8.3	Watts: 2536
..........Volts: 304.7	Amps: 7.9	Watts: 2407
..........Volts: 306.2	Amps: 8.0	Watts: 2449
..........Volts: 305.9	Amps: 8.2	Watts: 2508
...........Volts: 306.3	Amps: 4.8	Watts: 1470
...........Volts: 306.2	Amps: 4.1	Watts: 1255
...........Volts: 306.6	Amps: 4.2	Watts: 1287
..........Volts: 306.5	Amps: 4.2	Watts: 1287
..........Volts: 305.4	Amps: 6.8	Watts: 2076
..........Volts: 305.3	Amps: 10.5	Watts: 3205
...........Volts: 306.2	Amps: 13.6	Watts: 4164
..........Volts: 306.6	Amps: 3.5	Watts: 1073
...........Volts: 302.5	Amps: 5.6	Watts: 1694
...........Volts: 304.1	Amps: 19.4	Watts: 5899
..........Volts: 304.3	Amps: 11.8	Watts: 3590
..........Volts: 304.7	Amps: 11.8	Watts: 3595
..........Volts: 298.9	Amps: 14.0	Watts: 4184
..........Volts: 298.2	Amps: 21.2	Watts: 6321
..........Volts: 302.6	Amps: 40.9	Watts: 12376
..........Volts: 302.9	Amps: 23.1	Watts: 6996
...........Volts: 304.1	Amps: 21.7	Watts: 6598
..........Volts: 306.8	Amps: 5.6	Watts: 1718
..........Volts: 307.4	Amps: -2.8	Watts: -860
...........Volts: 306.6	Amps: -1.1	Watts: -337
..........Volts: 298.3	Amps: 0.2	Watts: 59
...........Volts: 295.9	Amps: 22.4	Watts: 6628
...........Volts: 295.1	Amps: 67.7	Watts: 19978
..........Volts: 291.6	Amps: 71.6	Watts: 20878
...........Volts: 302.1	Amps: 53.1	Watts: 16041
..........Volts: 299.7	Amps: 19.5	Watts: 5844
...........Volts: 295.6	Amps: 28.1	Watts: 8306
...........Volts: 303.3	Amps: 47.2	Watts: 14315
..........Volts: 309.6	Amps: -18.9	Watts: -5851
...........Volts: 309.3	Amps: -26.5	Watts: -8196
...........Volts: 308.9	Amps: -16.7	Watts: -5158
..........Volts: 306.7	Amps: -7.3	Watts: -2238
..........Volts: 304.4	Amps: -0.1	Watts: -30
...........Volts: 296.1	Amps: 15.2	Watts: 4500
...........Volts: 291.5	Amps: 47.2	Watts: 13758
...........Volts: 302.9	Amps: 68.3	Watts: 20688
...........Volts: 306.6	Amps: 11.1	Watts: 3403
...........Volts: 307.9	Amps: -6.9	Watts: -2124
..........Volts: 306.6	Amps: -10.4	Watts: -3188
...........Volts: 305.0	Amps: -0.3	Watts: -91
..........Volts: 305.8	Amps: 7.3	Watts: 2232
...........Volts: 305.0	Amps: 1.2	Watts: 366
...........Volts: 300.9	Amps: 23.3	Watts: 7010
...........Volts: 305.9	Amps: 21.9	Watts: 6699
..........Volts: 306.0	Amps: 0.2	Watts: 61
..........Volts: 304.8	Amps: 2.0	Watts: 609
..........Volts: 306.2	Amps: 5.9	Watts: 1806
...........Volts: 304.3	Amps: 1.2	Watts: 365
...........Volts: 302.5	Amps: 11.7	Watts: 3539
..........Volts: 294.8	Amps: 19.8	Watts: 5837
..........Volts: 300.5	Amps: 53.3	Watts: 16016
...........Volts: 305.9	Amps: 3.3	Watts: 1009
...........Volts: 301.8	Amps: 2.4	Watts: 724
...........Volts: 303.9	Amps: 18.7	Watts: 5682
...........Volts: 304.5	Amps: 10.7	Watts: 3258
..........Volts: 295.8	Amps: 9.5	Watts: 2810
...........Volts: 300.0	Amps: 35.0	Watts: 10500
..........Volts: 301.1	Amps: 25.2	Watts: 7587
..........Volts: 309.2	Amps: -12.0	Watts: -3710
..........Volts: 308.5	Amps: -19.2	Watts: -5923
..........Volts: 308.3	Amps: -14.5	Watts: -4470
...........Volts: 309.4	Amps: -10.5	Watts: -3248
...........Volts: 308.3	Amps: -13.2	Watts: -4069
..........Volts: 306.3	Amps: -0.4	Watts: -122
..........Volts: 305.5	Amps: 0.7	Watts: 213
...........Volts: 302.2	Amps: 14.9	Watts: 4502
..........Volts: 303.0	Amps: 18.5	Watts: 5605
..........Volts: 303.3	Amps: 16.0	Watts: 4852
...........Volts: 303.8	Amps: 12.0	Watts: 3645
...........Volts: 306.9	Amps: 12.2	Watts: 3744
..........Volts: 306.4	Amps: -1.9	Watts: -582
...........Volts: 305.8	Amps: -1.1	Watts: -336
...........Volts: 305.4	Amps: -0.2	Watts: -61
............Volts: 301.0	Amps: 14.6	Watts: 4394
..........Volts: 296.4	Amps: 30.5	Watts: 9040
..........Volts: 301.9	Amps: 45.4	Watts: 13706
..........Volts: 296.8	Amps: 28.2	Watts: 8369
..........Volts: 299.9	Amps: 48.2	Watts: 14455
...........Volts: 299.8	Amps: 33.4	Watts: 10013
..........Volts: 297.9	Amps: 34.4	Watts: 10247
..........Volts: 298.0	Amps: 35.4	Watts: 10549
...........Volts: 309.6	Amps: 32.1	Watts: 9938
...........Volts: 305.7	Amps: -16.3	Watts: -4982
..........Volts: 299.3	Amps: -10.4	Watts: -3112
...........Volts: 302.7	Amps: 31.7	Watts: 9595
..........Volts: 304.2	Amps: 7.2	Watts: 2190
...........Volts: 299.4	Amps: 10.4	Watts: 3113
..........Volts: 297.9	Amps: 34.3	Watts: 10217
..........Volts: 300.1	Amps: 40.1	Watts: 12034
..........Volts: 299.0	Amps: 40.7	Watts: 12169
...........Volts: 300.8	Amps: 36.0	Watts: 10828
...........Volts: 299.6	Amps: 25.4	Watts: 7609
..........Volts: 301.0	Amps: 21.1	Watts: 6351
...........Volts: 303.6	Amps: 17.3	Watts: 5252
..........Volts: 305.0	Amps: -9.5	Watts: -2897
...........Volts: 302.0	Amps: 2.9	Watts: 875
..........Volts: 306.9	Amps: 17.4	Watts: 5340
..........Volts: 306.8	Amps: -8.0	Watts: -2454
..........Volts: 305.4	Amps: -10.3	Watts: -3145
..........Volts: 303.3	Amps: 5.0	Watts: 1516
...........Volts: 300.9	Amps: 27.9	Watts: 8395
..........Volts: 296.5	Amps: 25.2	Watts: 7471
...........Volts: 296.1	Amps: 39.3	Watts: 11636
...........Volts: 303.5	Amps: 40.0	Watts: 12140
...........Volts: 306.1	Amps: 5.7	Watts: 1744
..........Volts: 305.3	Amps: -1.7	Watts: -519
..........Volts: 305.3	Amps: -0.6	Watts: -183
...........Volts: 303.8	Amps: 0.8	Watts: 243
...........Volts: 302.9	Amps: 11.5	Watts: 3483
...........Volts: 303.4	Amps: 11.9	Watts: 3610
..........Volts: 305.1	Amps: 10.8	Watts: 3295
..........Volts: 305.1	Amps: 1.7	Watts: 518
..........Volts: 305.1	Amps: 1.0	Watts: 305
...........Volts: 304.8	Amps: 3.2	Watts: 975
..........Volts: 302.7	Amps: 10.0	Watts: 3027
..........Volts: 304.9	Amps: 11.1	Watts: 3384
...........Volts: 302.6	Amps: 7.6	Watts: 2299
...........Volts: 304.1	Amps: 13.6	Watts: 4135
..........Volts: 305.1	Amps: 6.5	Watts: 1983
...........Volts: 302.9	Amps: 1.8	Watts: 545
..........Volts: 302.5	Amps: 17.2	Watts: 5203
...........Volts: 298.4	Amps: 27.8	Watts: 8295
...........Volts: 300.6	Amps: 40.5	Watts: 12174
............Volts: 305.6	Amps: 12.4	Watts: 3789
..........Volts: 305.4	Amps: -2.5	Watts: -763
...........Volts: 305.0	Amps: -1.2	Watts: -366
...........Volts: 299.5	Amps: 2.5	Watts: 748
..........Volts: 297.9	Amps: 41.2	Watts: 12273
...........Volts: 295.4	Amps: 38.3	Watts: 11313
...........Volts: 296.4	Amps: 55.4	Watts: 16420
..........Volts: 294.6	Amps: 34.3	Watts: 10104
..........Volts: 295.9	Amps: 39.9	Watts: 11806
...........Volts: 291.0	Amps: 44.2	Watts: 12862
..........Volts: 292.1	Amps: 64.5	Watts: 18840
...........Volts: 295.0	Amps: 54.5	Watts: 16077
............Volts: 295.8	Amps: 44.0	Watts: 13015
..........Volts: 296.5	Amps: 37.8	Watts: 11207
..........Volts: 306.0	Amps: 38.2	Watts: 11689
..........Volts: 304.4	Amps: -6.2	Watts: -1887
..........Volts: 299.2	Amps: -8.3	Watts: -2483
...........Volts: 297.4	Amps: 20.2	Watts: 6007
...........Volts: 299.3	Amps: 29.8	Watts: 8919
..........Volts: 308.1	Amps: -23.0	Watts: -7086
...........Volts: 313.5	Amps: -27.6	Watts: -8652
...........Volts: 304.5	Amps: -23.2	Watts: -7064
...........Volts: 293.1	Amps: 1.7	Watts: 498
..........Volts: 291.8	Amps: 51.7	Watts: 15086
..........Volts: 289.8	Amps: 68.7	Watts: 19909
..........Volts: 289.7	Amps: 79.7	Watts: 23089
..........Volts: 287.9	Amps: 85.1	Watts: 24500
...........Volts: 283.4	Amps: 90.2	Watts: 25562
..........Volts: 291.8	Amps: 91.4	Watts: 26670
...........Volts: 298.2	Amps: 56.5	Watts: 16848
............Volts: 299.4	Amps: 28.6	Watts: 8562
..........Volts: 301.7	Amps: 17.9	Watts: 5400
..........Volts: 300.5	Amps: 8.7	Watts: 2614
..........Volts: 285.4	Amps: 37.8	Watts: 10788
.........Volts: 275.8	Amps: 120.3	Watts: 33178
...........Volts: 275.7	Amps: 152.1	Watts: 41933
...........Volts: 279.9	Amps: 132.0	Watts: 36946
..........Volts: 280.6	Amps: 108.6	Watts: 30473
...........Volts: 276.9	Amps: 104.5	Watts: 28936
..........Volts: 280.7	Amps: 117.3	Watts: 32926
...........Volts: 282.8	Amps: 103.2	Watts: 29184
..........Volts: 284.3	Amps: 95.3	Watts: 27093
..........Volts: 283.6	Amps: 92.5	Watts: 26233
..........Volts: 281.1	Amps: 92.3	Watts: 25945
..........Volts: 281.2	Amps: 104.3	Watts: 29329
..........Volts: 282.5	Amps: 105.1	Watts: 29690
...........Volts: 281.1	Amps: 101.5	Watts: 28531
...........Volts: 281.4	Amps: 100.6	Watts: 28308
...........Volts: 280.5	Amps: 101.1	Watts: 28358
..........Volts: 280.8	Amps: 100.9	Watts: 28332
...........Volts: 280.5	Amps: 100.3	Watts: 28134
..........Volts: 280.2	Amps: 100.0	Watts: 28020
..........Volts: 287.5	Amps: 99.9	Watts: 28721
...........Volts: 294.4	Amps: 27.7	Watts: 8154
...........Volts: 295.4	Amps: 27.3	Watts: 8064
.........Volts: 296.4	Amps: 20.1	Watts: 5957
..........Volts: 296.2	Amps: 19.4	Watts: 5746
..........Volts: 285.1	Amps: 26.3	Watts: 7498
...........Volts: 287.1	Amps: 80.1	Watts: 22996
...........Volts: 280.8	Amps: 73.1	Watts: 20526
...........Volts: 281.3	Amps: 98.9	Watts: 27820
..........Volts: 283.5	Amps: 94.6	Watts: 26819
..........Volts: 285.2	Amps: 82.9	Watts: 23643
..........Volts: 289.7	Amps: 69.9	Watts: 20250
..........Volts: 290.1	Amps: 47.0	Watts: 13634
..........Volts: 282.5	Amps: 59.1	Watts: 16695
...........Volts: 281.7	Amps: 96.6	Watts: 27212
..........Volts: 287.3	Amps: 76.7	Watts: 22035
...........Volts: 283.2	Amps: 70.9	Watts: 20078
..........Volts: 283.7	Amps: 81.5	Watts: 23121
..........Volts: 284.1	Amps: 80.5	Watts: 22870
...........Volts: 286.9	Amps: 80.8	Watts: 23181
...........Volts: 281.7	Amps: 66.4	Watts: 18704
..........Volts: 285.8	Amps: 89.2	Watts: 25493
...........Volts: 288.6	Amps: 71.8	Watts: 20721
...........Volts: 288.8	Amps: 57.9	Watts: 16721
..........Volts: 282.1	Amps: 89.5	Watts: 25247
...........Volts: 279.7	Amps: 101.7	Watts: 28445
...........Volts: 284.4	Amps: 98.0	Watts: 27871
..........Volts: 284.4	Amps: 76.4	Watts: 21728
..........Volts: 284.9	Amps: 72.7	Watts: 20712
..........Volts: 282.6	Amps: 72.3	Watts: 20431
..........Volts: 280.9	Amps: 93.1	Watts: 26151
..........Volts: 277.6	Amps: 104.0	Watts: 28870
...........Volts: 280.9	Amps: 96.9	Watts: 27219
............Volts: 284.3	Amps: 81.4	Watts: 23142
...........Volts: 283.6	Amps: 76.6	Watts: 21723
...........Volts: 283.9	Amps: 76.6	Watts: 21746
...........Volts: 283.9	Amps: 76.1	Watts: 21604
...........Volts: 283.1	Amps: 76.4	Watts: 21628
.........Volts: 280.3	Amps: 77.8	Watts: 21807
..........Volts: 279.7	Amps: 97.6	Watts: 27298
..........Volts: 281.7	Amps: 93.6	Watts: 26367
...........Volts: 281.2	Amps: 85.8	Watts: 24126
..........Volts: 282.9	Amps: 82.7	Watts: 23395
...........Volts: 282.6	Amps: 79.4	Watts: 22438
..........Volts: 280.9	Amps: 79.4	Watts: 22303
..........Volts: 282.4	Amps: 79.1	Watts: 22337
..........Volts: 282.6	Amps: 77.7	Watts: 21958
..........Volts: 283.1	Amps: 77.5	Watts: 21940
...........Volts: 281.1	Amps: 80.1	Watts: 22516
...........Volts: 280.1	Amps: 92.9	Watts: 26021
...........Volts: 283.2	Amps: 90.5	Watts: 25629
..........Volts: 280.4	Amps: 79.1	Watts: 22179
..........Volts: 279.4	Amps: 99.1	Watts: 27688
..........Volts: 280.3	Amps: 89.4	Watts: 25058
...........Volts: 282.3	Amps: 83.5	Watts: 23572
...........Volts: 281.4	Amps: 83.3	Watts: 23440
..........Volts: 282.6	Amps: 87.1	Watts: 24614
..........Volts: 288.0	Amps: 80.4	Watts: 23155
..........Volts: 289.9	Amps: 38.7	Watts: 11219
...........Volts: 291.7	Amps: 31.6	Watts: 9217
..........Volts: 291.8	Amps: 28.6	Watts: 8345
..........Volts: 292.8	Amps: 27.3	Watts: 7993
..........Volts: 292.7	Amps: 21.5	Watts: 6293
..........Volts: 294.5	Amps: 20.0	Watts: 5890
..........Volts: 294.6	Amps: 17.5	Watts: 5155
..........Volts: 295.0	Amps: 16.6	Watts: 4897
..........Volts: 294.9	Amps: 16.2	Watts: 4777
..........Volts: 294.8	Amps: 16.4	Watts: 4834
...........Volts: 296.9	Amps: 16.8	Watts: 4987
...........Volts: 315.2	Amps: 8.0	Watts: 2521
..........Volts: 300.1	Amps: -80.9	Watts: -24278
...........Volts: 298.5	Amps: -7.0	Watts: -2089
...........Volts: 315.1	Amps: 2.2	Watts: 693
...........Volts: 317.4	Amps: -93.2	Watts: -29581
..........Volts: 315.7	Amps: -88.5	Watts: -27939
..........Volts: 300.3	Amps: -45.6	Watts: -13693
..........Volts: 293.2	Amps: 9.4	Watts: 2756
...........Volts: 293.0	Amps: 36.5	Watts: 10694
...........Volts: 297.0	Amps: 37.2	Watts: 11048
...........Volts: 314.5	Amps: 1.6	Watts: 503
..........Volts: 314.4	Amps: -77.7	Watts: -24428
...........Volts: 302.2	Amps: -57.0	Watts: -17225
...........Volts: 313.6	Amps: -11.1	Watts: -3480
...........Volts: 315.8	Amps: -67.0	Watts: -21158
...........Volts: 314.8	Amps: -86.2	Watts: -27135
..........Volts: 309.7	Amps: -78.1	Watts: -24187
..........Volts: 303.2	Amps: -42.0	Watts: -12734
...........Volts: 303.1	Amps: -0.9	Watts: -272
..........Volts: 302.3	Amps: -26.2	Watts: -7920
...........Volts: 294.7	Amps: 5.0	Watts: 1473
...........Volts: 294.8	Amps: 35.3	Watts: 10406
..........Volts: 295.2	Amps: 36.5	Watts: 10774
...........Volts: 305.9	Amps: 31.9	Watts: 9758
...........Volts: 308.2	Amps: -7.2	Watts: -2219
..........Volts: 299.7	Amps: 0.4	Watts: 119
..........Volts: 306.1	Amps: 7.2	Watts: 2203
..........Volts: 301.7	Amps: -17.7	Watts: -5340
...........Volts: 301.0	Amps: 0.2	Watts: 60
...........Volts: 306.8	Amps: 2.0	Watts: 613
..........Volts: 300.5	Amps: -21.3	Watts: -6400
..........Volts: 299.3	Amps: 2.6	Watts: 778
...........Volts: 300.5	Amps: 4.4	Watts: 1322
.........Volts: 300.5	Amps: 3.8	Watts: 1141
..........Volts: 302.2	Amps: -22.5	Watts: -6799
...........Volts: 297.9	Amps: -2.9	Watts: -863
..........Volts: 302.1	Amps: -3.7	Watts: -1117
...........Volts: 300.4	Amps: -8.7	Watts: -2613
...........Volts: 305.7	Amps: 4.0	Watts: 1222
...........Volts: 305.7	Amps: -22.9	Watts: -7000
...........Volts: 304.7	Amps: -19.2	Watts: -5850
..........Volts: 304.8	Amps: -15.6	Watts: -4754
...........Volts: 304.4	Amps: -12.4	Watts: -3774
...........Volts: 303.7	Amps: -10.3	Watts: -3128
..........Volts: 301.2	Amps: -5.6	Watts: -1686
..........Volts: 297.7	Amps: 2.7	Watts: 803
..........Volts: 296.0	Amps: 29.1	Watts: 8613
..........Volts: 290.7	Amps: 44.4	Watts: 12907
...........Volts: 286.6	Amps: 73.6	Watts: 21093
..........Volts: 283.4	Amps: 97.3	Watts: 27574
..........Volts: 282.8	Amps: 97.6	Watts: 27601
...........Volts: 293.0	Amps: 94.5	Watts: 27688
...........Volts: 292.7	Amps: 39.9	Watts: 11678
............Volts: 309.8	Amps: 1.3	Watts: 402
..........Volts: 313.3	Amps: -62.6	Watts: -19612
..........Volts: 310.2	Amps: -58.6	Watts: -18177
..........Volts: 319.7	Amps: -56.0	Watts: -17903
..........Volts: 312.7	Amps: -84.8	Watts: -26516
..........Volts: 306.4	Amps: -62.0	Watts: -18996
...........Volts: 305.8	Amps: -23.3	Watts: -7125
..........Volts: 304.1	Amps: -15.4	Watts: -4683
...........Volts: 304.9	Amps: -10.9	Watts: -3323
...........Volts: 302.0	Amps: -9.6	Watts: -2899
..........Volts: 304.2	Amps: -1.2	Watts: -365
..........Volts: 303.3	Amps: -8.7	Watts: -2638
..........Volts: 303.5	Amps: -7.6	Watts: -2306
..........Volts: 304.2	Amps: -6.9	Watts: -2098
..........Volts: 303.4	Amps: -6.2	Watts: -1881
..........Volts: 302.5	Amps: -4.8	Watts: -1452
...........Volts: 298.2	Amps: 16.7	Watts: 4979
..........Volts: 298.4	Amps: 25.6	Watts: 7639
..........Volts: 298.0	Amps: 21.2	Watts: 6317
..........Volts: 299.2	Amps: 21.2	Watts: 6343
............Volts: 299.6	Amps: 15.1	Watts: 4523
..........Volts: 296.2	Amps: 12.0	Watts: 3554
..........Volts: 294.5	Amps: 38.1	Watts: 11220
..........Volts: 296.9	Amps: 39.6	Watts: 11757
..........Volts: 309.1	Amps: -15.3	Watts: -4729
...........Volts: 300.3	Amps: -17.9	Watts: -5375
..........Volts: 308.4	Amps: 15.6	Watts: 4811
..........Volts: 308.9	Amps: -21.6	Watts: -6672
..........Volts: 309.1	Amps: -37.7	Watts: -11653
..........Volts: 301.2	Amps: -2.2	Watts: -662
..........Volts: 298.0	Amps: 18.6	Watts: 5542
...........Volts: 300.4	Amps: 16.7	Watts: 5016
...........Volts: 305.1	Amps: -6.9	Watts: -2105
..........Volts: 302.5	Amps: -22.0	Watts: -6655
..........Volts: 300.9	Amps: -1.7	Watts: -511
..........Volts: 301.1	Amps: 5.0	Watts: 1505
..........Volts: 296.8	Amps: 7.7	Watts: 2285
...........Volts: 298.6	Amps: 24.5	Watts: 7315
..........Volts: 301.2	Amps: 16.0	Watts: 4819
..........Volts: 310.3	Amps: -27.7	Watts: -8595
..........Volts: 309.3	Amps: -42.7	Watts: -13207
...........Volts: 308.6	Amps: -38.3	Watts: -11819
..........Volts: 301.9	Amps: -29.4	Watts: -8875
..........Volts: 294.7	Amps: 2.8	Watts: 825
...........Volts: 310.0	Amps: -0.7	Watts: -217
..........Volts: 308.9	Amps: -37.3	Watts: -11521
...........Volts: 308.2	Amps: -35.4	Watts: -10910
...........Volts: 309.1	Amps: -34.2	Watts: -10571
..........Volts: 306.7	Amps: -28.4	Watts: -8710
..........Volts: 306.7	Amps: -22.7	Watts: -6962
..........Volts: 306.0	Amps: -14.9	Watts: -4559
.........Volts: 304.5	Amps: -5.3	Watts: -1613
..........Volts: 303.7	Amps: -4.8	Watts: -1457
..........Volts: 300.1	Amps: 0.0	Watts: 0
..........Volts: 296.8	Amps: 21.3	Watts: 6321
..........Volts: 298.8	Amps: 28.5	Watts: 8515
...........Volts: 299.3	Amps: 21.5	Watts: 6434
............Volts: 301.5	Amps: 17.3	Watts: 5215
..........Volts: 303.5	Amps: -16.2	Watts: -4916
..........Volts: 296.4	Amps: 16.1	Watts: 4772
...........Volts: 298.0	Amps: 35.5	Watts: 10579
...........Volts: 296.5	Amps: 28.5	Watts: 8450
...........Volts: 300.7	Amps: 33.4	Watts: 10043
..........Volts: 307.8	Amps: 2.4	Watts: 738
..........Volts: 302.0	Amps: -28.9	Watts: -8727
..........Volts: 302.2	Amps: 4.4	Watts: 1329
...........Volts: 302.1	Amps: 4.5	Watts: 1359
..........Volts: 301.9	Amps: 4.5	Watts: 1358
...........Volts: 296.3	Amps: 9.3	Watts: 2755
..........Volts: 285.8	Amps: 37.1	Watts: 10603
............Volts: 287.1	Amps: 90.1	Watts: 25867
..........Volts: 282.8	Amps: 77.4	Watts: 21888
...........Volts: 283.2	Amps: 104.1	Watts: 29481
...........Volts: 290.1	Amps: 64.3	Watts: 18653
...........Volts: 292.2	Amps: 58.7	Watts: 17152
...........Volts: 290.0	Amps: 58.3	Watts: 16907
..........Volts: 289.7	Amps: 58.5	Watts: 16947
.............Volts: 293.1	Amps: 58.2	Watts: 17058
...........Volts: 294.6	Amps: 51.9	Watts: 15289
..........Volts: 295.1	Amps: 34.3	Watts: 10121
...........Volts: 294.2	Amps: 34.1	Watts: 10032
..........Volts: 291.2	Amps: 36.0	Watts: 10483
...........Volts: 291.9	Amps: 51.1	Watts: 14916
...........Volts: 291.8	Amps: 51.4	Watts: 14998
..........Volts: 282.8	Amps: 62.9	Watts: 17788
...........Volts: 283.3	Amps: 95.4	Watts: 27026
..........Volts: 282.8	Amps: 93.7	Watts: 26498
..........Volts: 282.7	Amps: 93.4	Watts: 26404
..........Volts: 282.6	Amps: 93.0	Watts: 26281
..........Volts: 282.2	Amps: 92.2	Watts: 26018
..........Volts: 282.4	Amps: 90.3	Watts: 25500
..........Volts: 283.2	Amps: 88.2	Watts: 24978
...........Volts: 283.0	Amps: 86.1	Watts: 24366
...........Volts: 281.9	Amps: 85.8	Watts: 24187
..........Volts: 282.5	Amps: 85.7	Watts: 24210
...........Volts: 281.7	Amps: 85.7	Watts: 24141
...........Volts: 282.6	Amps: 85.5	Watts: 24162
..........Volts: 282.9	Amps: 85.3	Watts: 24131
...........Volts: 279.8	Amps: 85.4	Watts: 23894
..........Volts: 280.1	Amps: 98.5	Watts: 27589
...........Volts: 279.3	Amps: 98.1	Watts: 27399
..........Volts: 280.3	Amps: 98.1	Watts: 27497
...........Volts: 280.6	Amps: 97.0	Watts: 27218
...........Volts: 279.1	Amps: 97.3	Watts: 27156
...........Volts: 278.3	Amps: 98.0	Watts: 27273
............Volts: 278.7	Amps: 97.3	Watts: 27117
...........Volts: 278.6	Amps: 98.2	Watts: 27358
.........Volts: 278.5	Amps: 98.3	Watts: 27376
...........Volts: 279.6	Amps: 98.1	Watts: 27428
...........Volts: 279.5	Amps: 94.7	Watts: 26468
..........Volts: 286.6	Amps: 94.0	Watts: 26940
..........Volts: 291.1	Amps: 61.4	Watts: 17873
............Volts: 292.7	Amps: 31.3	Watts: 9161
...........Volts: 293.4	Amps: 24.9	Watts: 7305
...........Volts: 294.7	Amps: 20.1	Watts: 5923
..........Volts: 294.0	Amps: 19.8	Watts: 5821
..........Volts: 294.9	Amps: 20.1	Watts: 5927
...........Volts: 294.1	Amps: 20.4	Watts: 5999
..........Volts: 294.5	Amps: 20.3	Watts: 5978
..........Volts: 294.2	Amps: 20.3	Watts: 5972
..........Volts: 294.5	Amps: 20.0	Watts: 5890
..........Volts: 293.9	Amps: 20.0	Watts: 5878
...........Volts: 294.4	Amps: 19.9	Watts: 5858
...........Volts: 294.4	Amps: 19.9	Watts: 5858
..........Volts: 294.1	Amps: 19.9	Watts: 5852
...........Volts: 295.5	Amps: 19.8	Watts: 5850
..........Volts: 294.8	Amps: 19.7	Watts: 5807
...........Volts: 294.6	Amps: 19.7	Watts: 5803
..........Volts: 295.1	Amps: 19.6	Watts: 5783
..........Volts: 284.8	Amps: 45.1	Watts: 12844
...........Volts: 285.6	Amps: 74.7	Watts: 21334
...........Volts: 284.6	Amps: 75.2	Watts: 21401
..........Volts: 283.8	Amps: 75.2	Watts: 21341
...........Volts: 283.5	Amps: 74.8	Watts: 21205
..........Volts: 284.3	Amps: 75.1	Watts: 21350
...........Volts: 283.8	Amps: 75.0	Watts: 21285
...........Volts: 284.1	Amps: 75.1	Watts: 21335
..........Volts: 281.2	Amps: 75.0	Watts: 21090
..........Volts: 283.3	Amps: 75.0	Watts: 21247
...........Volts: 284.5	Amps: 73.4	Watts: 20882
..........Volts: 285.9	Amps: 65.5	Watts: 18726
..........Volts: 286.8	Amps: 59.9	Watts: 17179
..........Volts: 285.3	Amps: 60.5	Watts: 17260
..........Volts: 286.3	Amps: 60.8	Watts: 17407
..........Volts: 284.2	Amps: 61.0	Watts: 17336
..........Volts: 285.7	Amps: 60.6	Watts: 17313
..........Volts: 287.0	Amps: 59.4	Watts: 17047
..........Volts: 285.8	Amps: 59.5	Watts: 17005
..........Volts: 287.3	Amps: 59.8	Watts: 17180
...........Volts: 289.1	Amps: 46.9	Watts: 13558
..........Volts: 289.5	Amps: 46.9	Watts: 13577
..........Volts: 288.6	Amps: 46.7	Watts: 13477
..........Volts: 288.8	Amps: 46.7	Watts: 13486
...........Volts: 289.9	Amps: 44.5	Watts: 12900
..........Volts: 290.7	Amps: 40.2	Watts: 11686
..........Volts: 292.7	Amps: 35.6	Watts: 10420
...........Volts: 293.0	Amps: 26.6	Watts: 7793
..........Volts: 292.2	Amps: 22.9	Watts: 6691
...........Volts: 292.2	Amps: 21.9	Watts: 6399
............Volts: 294.6	Amps: 21.3	Watts: 6274
...........Volts: 294.4	Amps: 19.1	Watts: 5623
..........Volts: 295.0	Amps: 16.2	Watts: 4779
..........Volts: 293.9	Amps: 16.1	Watts: 4731
..........Volts: 295.9	Amps: 15.9	Watts: 4704
..........Volts: 295.2	Amps: 15.8	Watts: 4664
..........Volts: 294.5	Amps: 15.8	Watts: 4653
..........Volts: 294.7	Amps: 15.7	Watts: 4626
..........Volts: 295.8	Amps: 15.6	Watts: 4614
..........Volts: 295.3	Amps: 15.5	Watts: 4577
...........Volts: 295.2	Amps: 15.5	Watts: 4575
...........Volts: 295.1	Amps: 15.4	Watts: 4544
...........Volts: 296.0	Amps: 15.4	Watts: 4558
...........Volts: 295.4	Amps: 15.2	Watts: 4490
..........Volts: 295.0	Amps: 15.8	Watts: 4661
..........Volts: 295.4	Amps: 15.7	Watts: 4637
..........Volts: 308.3	Amps: -4.5	Watts: -1387
..........Volts: 299.0	Amps: -69.9	Watts: -20900
...........Volts: 298.0	Amps: 4.6	Watts: 1370
...........Volts: 298.3	Amps: 5.8	Watts: 1730
..........Volts: 297.6	Amps: 6.7	Watts: 1993
..........Volts: 297.8	Amps: 7.0	Watts: 2084
..........Volts: 298.3	Amps: 7.4	Watts: 2207
..........Volts: 300.8	Amps: -29.2	Watts: -8783
...........Volts: 299.6	Amps: -33.4	Watts: -10006
...........Volts: 297.9	Amps: 0.9	Watts: 268
...........Volts: 297.3	Amps: 5.7	Watts: 1694
..........Volts: 299.0	Amps: 6.5	Watts: 1943
..........Volts: 298.3	Amps: 6.8	Watts: 2028
..........Volts: 298.6	Amps: 6.8	Watts: 2030
...........Volts: 296.7	Amps: 6.7	Watts: 1987
..........Volts: 296.4	Amps: 7.5	Watts: 2223
..........Volts: 293.7	Amps: 26.6	Watts: 7812
..........Volts: 293.4	Amps: 30.6	Watts: 8978
...........Volts: 293.6	Amps: 30.0	Watts: 8808
..........Volts: 294.2	Amps: 29.7	Watts: 8737
...........Volts: 295.1	Amps: 24.4	Watts: 7200
..........Volts: 295.0	Amps: 23.4	Watts: 6903
..........Volts: 294.4	Amps: 22.9	Watts: 6741
...........Volts: 295.2	Amps: 22.7	Watts: 6701
...........Volts: 294.2	Amps: 23.1	Watts: 6796
..........Volts: 295.5	Amps: 23.0	Watts: 6796
..........Volts: 294.6	Amps: 23.2	Watts: 6834
...........Volts: 295.4	Amps: 20.9	Watts: 6173
...........Volts: 296.1	Amps: 18.4	Watts: 5448
...........Volts: 316.3	Amps: 15.6	Watts: 4934
...........Volts: 317.7	Amps: -104.2	Watts: -33104
...........Volts: 302.5	Amps: -60.8	Watts: -18392
...........Volts: 300.5	Amps: -2.8	Watts: -841
..........Volts: 299.5	Amps: 3.0	Watts: 898
..........Volts: 299.3	Amps: 4.0	Watts: 1197
..........Volts: 299.1	Amps: 4.5	Watts: 1345
..........Volts: 318.1	Amps: -2.5	Watts: -795
...........Volts: 301.3	Amps: -82.5	Watts: -24857
...........Volts: 301.8	Amps: -32.1	Watts: -9687
..........Volts: 299.4	Amps: 0.6	Watts: 179
..........Volts: 297.1	Amps: 14.7	Watts: 4367
..........Volts: 296.9	Amps: 20.2	Watts: 5997
..........Volts: 296.7	Amps: 20.4	Watts: 6052
...........Volts: 297.0	Amps: 20.3	Watts: 6029
...........Volts: 296.6	Amps: 20.3	Watts: 6020
..........Volts: 296.6	Amps: 19.4	Watts: 5754
...........Volts: 296.5	Amps: 19.2	Watts: 5692
...........Volts: 296.7	Amps: 19.2	Watts: 5696
..........Volts: 296.3	Amps: 19.3	Watts: 5718
..........Volts: 295.7	Amps: 19.6	Watts: 5795
..........Volts: 298.2	Amps: 19.7	Watts: 5874
...........Volts: 303.8	Amps: 13.9	Watts: 4222
...........Volts: 301.8	Amps: -53.8	Watts: -16236
..........Volts: 299.1	Amps: -0.8	Watts: -239
...........Volts: 297.5	Amps: 10.9	Watts: 3242
...........Volts: 296.7	Amps: 16.6	Watts: 4925
..........Volts: 296.7	Amps: 18.9	Watts: 5607
...........Volts: 296.5	Amps: 19.8	Watts: 5870
...........Volts: 294.5	Amps: 19.7	Watts: 5801
..........Volts: 292.2	Amps: 39.9	Watts: 11658
..........Volts: 292.6	Amps: 40.5	Watts: 11850
..........Volts: 293.5	Amps: 39.9	Watts: 11710
...........Volts: 292.8	Amps: 37.1	Watts: 10862
...........Volts: 292.6	Amps: 37.2	Watts: 10884
..........Volts: 292.8	Amps: 37.4	Watts: 10950
..........Volts: 292.0	Amps: 37.6	Watts: 10979
...........Volts: 292.0	Amps: 37.6	Watts: 10979
..........Volts: 286.7	Amps: 50.2	Watts: 14392
..........Volts: 284.9	Amps: 67.9	Watts: 19344
...........Volts: 280.6	Amps: 88.3	Watts: 24776
..........Volts: 280.8	Amps: 99.7	Watts: 27995
...........Volts: 280.1	Amps: 99.1	Watts: 27757
..........Volts: 280.9	Amps: 98.5	Watts: 27668
..........Volts: 280.3	Amps: 96.9	Watts: 27161
..........Volts: 279.6	Amps: 97.1	Watts: 27149
............Volts: 280.1	Amps: 97.6	Watts: 27337
..........Volts: 279.7	Amps: 97.7	Watts: 27326
..........Volts: 279.3	Amps: 97.6	Watts: 27259
..........Volts: 279.1	Amps: 97.7	Watts: 27268
...........Volts: 281.3	Amps: 97.4	Watts: 27398
..........Volts: 281.3	Amps: 82.2	Watts: 23122
..........Volts: 282.9	Amps: 77.9	Watts: 22037
..........Volts: 283.3	Amps: 77.4	Watts: 21927
..........Volts: 283.3	Amps: 76.9	Watts: 21785
..........Volts: 283.6	Amps: 72.8	Watts: 20646
...........Volts: 285.0	Amps: 69.6	Watts: 19836
..........Volts: 283.7	Amps: 69.6	Watts: 19745
..........Volts: 284.2	Amps: 69.4	Watts: 19723
..........Volts: 284.5	Amps: 69.8	Watts: 19858
...........Volts: 284.7	Amps: 66.5	Watts: 18932
..........Volts: 285.6	Amps: 63.8	Watts: 18221
..........Volts: 285.2	Amps: 63.1	Watts: 17996
..........Volts: 285.1	Amps: 63.5	Watts: 18103
..........Volts: 284.9	Amps: 62.5	Watts: 17806
...........Volts: 286.3	Amps: 62.9	Watts: 18008
..........Volts: 285.1	Amps: 63.0	Watts: 17961
..........Volts: 285.5	Amps: 63.1	Watts: 18015
..........Volts: 285.3	Amps: 63.2	Watts: 18030
..........Volts: 285.3	Amps: 63.2	Watts: 18030
..........Volts: 284.8	Amps: 63.3	Watts: 18027
..........Volts: 285.0	Amps: 63.4	Watts: 18069
...........Volts: 285.0	Amps: 63.5	Watts: 18097
...........Volts: 284.8	Amps: 63.6	Watts: 18113
...........Volts: 284.3	Amps: 63.3	Watts: 17996
..........Volts: 284.0	Amps: 63.1	Watts: 17920
...........Volts: 285.6	Amps: 57.9	Watts: 16536
..........Volts: 286.1	Amps: 55.1	Watts: 15764
............Volts: 285.6	Amps: 55.4	Watts: 15822
...........Volts: 287.0	Amps: 54.5	Watts: 15641
...........Volts: 286.1	Amps: 53.3	Watts: 15249
............Volts: 279.9	Amps: 61.7	Watts: 17269
..........Volts: 276.5	Amps: 95.2	Watts: 26322
...........Volts: 277.0	Amps: 101.3	Watts: 28060
...........Volts: 276.9	Amps: 102.1	Watts: 28271
...........Volts: 276.1	Amps: 101.9	Watts: 28134
..........Volts: 279.0	Amps: 99.9	Watts: 27872
...........Volts: 281.3	Amps: 83.8	Watts: 23572
...........Volts: 285.7	Amps: 72.3	Watts: 20656
...........Volts: 285.8	Amps: 54.1	Watts: 15461
..........Volts: 314.6	Amps: 44.2	Watts: 13905
...........Volts: 316.0	Amps: -87.9	Watts: -27776
..........Volts: 312.8	Amps: -106.9	Watts: -33438
...........Volts: 316.4	Amps: -103.9	Watts: -32873
............Volts: 314.9	Amps: -99.6	Watts: -31364
..........Volts: 321.2	Amps: -128.0	Watts: -41113
...........Volts: 319.9	Amps: -125.6	Watts: -40179
...........Volts: 315.5	Amps: -110.5	Watts: -34862
............Volts: 315.6	Amps: -95.7	Watts: -30202
...........Volts: 314.1	Amps: -86.3	Watts: -27106
............Volts: 313.2	Amps: -76.7	Watts: -24022
............Volts: 306.2	Amps: -45.7	Watts: -13993
...........Volts: 293.7	Amps: -4.2	Watts: -1233
............Volts: 284.3	Amps: 80.5	Watts: 22886
..........Volts: 283.2	Amps: 90.5	Watts: 25629
...........Volts: 279.9	Amps: 92.1	Watts: 25778
...........Volts: 280.7	Amps: 91.8	Watts: 25768
...........Volts: 281.2	Amps: 90.6	Watts: 25476
............Volts: 280.5	Amps: 93.9	Watts: 26338
...........Volts: 279.8	Amps: 93.7	Watts: 26217
...........Volts: 279.5	Amps: 93.3	Watts: 26077
............Volts: 280.2	Amps: 92.8	Watts: 26002
...........Volts: 280.8	Amps: 91.5	Watts: 25693
...........Volts: 280.6	Amps: 90.0	Watts: 25254
............Volts: 280.8	Amps: 88.5	Watts: 24850
............Volts: 281.2	Amps: 86.3	Watts: 24267
............Volts: 280.9	Amps: 85.6	Watts: 24045
..........Volts: 280.7	Amps: 85.9	Watts: 24112
...........Volts: 280.7	Amps: 86.0	Watts: 24140
..........Volts: 280.5	Amps: 86.0	Watts: 24123
............Volts: 280.4	Amps: 85.9	Watts: 24086
...........Volts: 280.5	Amps: 85.8	Watts: 24066
..........Volts: 280.6	Amps: 85.6	Watts: 24019
...........Volts: 280.5	Amps: 82.1	Watts: 23029
..........Volts: 283.9	Amps: 70.3	Watts: 19958
...........Volts: 284.4	Amps: 63.9	Watts: 18173
...........Volts: 285.0	Amps: 63.7	Watts: 18154
..........Volts: 289.9	Amps: 59.3	Watts: 17191
...........Volts: 293.1	Amps: 35.1	Watts: 10287
...........Volts: 311.7	Amps: -84.5	Watts: -26338
...........Volts: 311.1	Amps: -86.2	Watts: -26816
...........Volts: 311.6	Amps: -81.7	Watts: -25457
..........Volts: 313.8	Amps: -77.4	Watts: -24288
...........Volts: 313.0	Amps: -88.4	Watts: -27669
............Volts: 309.7	Amps: -84.8	Watts: -26262
............Volts: 307.4	Amps: -65.8	Watts: -20226
...........Volts: 306.2	Amps: -43.3	Watts: -13258
...........Volts: 307.2	Amps: -39.3	Watts: -12072
..........Volts: 303.1	Amps: -30.1	Watts: -9123
...........Volts: 301.3	Amps: -19.3	Watts: -5815
............Volts: 299.4	Amps: -8.0	Watts: -2395
..........Volts: 298.5	Amps: 0.4	Watts: 119
...........Volts: 299.9	Amps: 1.6	Watts: 479
...........Volts: 298.8	Amps: 1.4	Watts: 418
...........Volts: 298.4	Amps: 1.4	Watts: 417
...........Volts: 299.5	Amps: 1.4	Watts: 419
............Volts: 297.9	Amps: 1.3	Watts: 387
............Volts: 299.4	Amps: 2.9	Watts: 868
............Volts: 298.0	Amps: 4.2	Watts: 1251
............Volts: 297.9	Amps: 4.5	Watts: 1340
...........Volts: 296.7	Amps: 8.4	Watts: 2492
..........Volts: 293.0	Amps: 27.1	Watts: 7940
...........Volts: 286.5	Amps: 47.3	Watts: 13551
...........Volts: 285.7	Amps: 62.9	Watts: 17970
..........Volts: 284.4	Amps: 76.4	Watts: 21728
...........Volts: 282.6	Amps: 81.0	Watts: 22890
...........Volts: 284.3	Amps: 81.5	Watts: 23170
..........Volts: 285.5	Amps: 70.6	Watts: 20156
...........Volts: 285.6	Amps: 68.5	Watts: 19563
..........Volts: 280.1	Amps: 69.2	Watts: 19382
...........Volts: 283.4	Amps: 92.9	Watts: 26327
...........Volts: 284.8	Amps: 73.5	Watts: 20932
...........Volts: 285.8	Amps: 65.3	Watts: 18662
...........Volts: 291.7	Amps: 60.3	Watts: 17589
............Volts: 311.2	Amps: -41.3	Watts: -12852
...........Volts: 311.2	Amps: -77.9	Watts: -24242
..........Volts: 311.7	Amps: -75.2	Watts: -23439
..........Volts: 298.3	Amps: -60.8	Watts: -18136
..........Volts: 295.9	Amps: 1.4	Watts: 414
...........Volts: 312.0	Amps: 0.8	Watts: 249
...........Volts: 299.3	Amps: -70.9	Watts: -21220
............Volts: 294.1	Amps: 14.9	Watts: 4382
..........Volts: 292.3	Amps: 37.6	Watts: 10990
..........Volts: 297.7	Amps: 22.2	Watts: 6608
...........Volts: 311.7	Amps: 6.0	Watts: 1870
...........Volts: 304.3	Amps: -53.9	Watts: -16401
...........Volts: 307.9	Amps: -34.4	Watts: -10591
..........Volts: 309.8	Amps: -22.9	Watts: -7094
............Volts: 308.4	Amps: -54.0	Watts: -16653
..........Volts: 308.4	Amps: -47.4	Watts: -14618
............Volts: 306.5	Amps: -40.8	Watts: -12505
............Volts: 310.6	Amps: -35.3	Watts: -10964
...........Volts: 304.6	Amps: -39.0	Watts: -11879
............Volts: 303.5	Amps: -23.3	Watts: -7071
..........Volts: 303.1	Amps: -18.1	Watts: -5486
...........Volts: 301.2	Amps: -5.5	Watts: -1656
............Volts: 296.6	Amps: 6.6	Watts: 1957
............Volts: 290.9	Amps: 37.8	Watts: 10996
............Volts: 289.1	Amps: 48.5	Watts: 14021
............Volts: 297.5	Amps: 43.3	Watts: 12881
............Volts: 303.7	Amps: 6.6	Watts: 2004
............Volts: 303.1	Amps: -19.0	Watts: -5758
............Volts: 304.1	Amps: -6.7	Watts: -2037
............Volts: 300.6	Amps: -7.2	Watts: -2164
............Volts: 299.0	Amps: -2.3	Watts: -687
............Volts: 291.8	Amps: 17.1	Watts: 4989
..........Volts: 290.4	Amps: 40.5	Watts: 11761
...........Volts: 287.4	Amps: 56.0	Watts: 16094
...........Volts: 287.6	Amps: 59.9	Watts: 17227
...........Volts: 289.1	Amps: 55.7	Watts: 16102
..........Volts: 288.0	Amps: 56.4	Watts: 16243
...........Volts: 287.5	Amps: 59.5	Watts: 17106
...........Volts: 286.8	Amps: 62.9	Watts: 18039
............Volts: 289.0	Amps: 65.8	Watts: 19016
............Volts: 292.3	Amps: 57.1	Watts: 16690
...........Volts: 296.3	Amps: 16.7	Watts: 4948
...........Volts: 297.3	Amps: 7.2	Watts: 2140
...........Volts: 307.5	Amps: -22.1	Watts: -6795
...........Volts: 306.2	Amps: -46.1	Watts: -14115
..........Volts: 307.1	Amps: -40.0	Watts: -12284
...........Volts: 309.4	Amps: -49.8	Watts: -15408
...........Volts: 300.1	Amps: -51.9	Watts: -15575
...........Volts: 299.9	Amps: -1.1	Watts: -329
...........Volts: 300.1	Amps: -0.3	Watts: -90
...........Volts: 299.8	Amps: 0.2	Watts: 59
...........Volts: 299.7	Amps: 0.5	Watts: 149
...........Volts: 300.3	Amps: 0.7	Watts: 210
..........Volts: 300.2	Amps: -2.1	Watts: -630
...........Volts: 299.2	Amps: -2.5	Watts: -748
...........Volts: 299.5	Amps: 1.5	Watts: 449
..........Volts: 299.7	Amps: 1.2	Watts: 359
...........Volts: 299.7	Amps: 1.0	Watts: 299
..........Volts: 299.8	Amps: 1.0	Watts: 299
..........Volts: 299.8	Amps: 1.0	Watts: 299
..........Volts: 299.8	Amps: 1.0	Watts: 299
...........Volts: 299.8	Amps: 1.0	Watts: 299
...........Volts: 299.8	Amps: 1.0	Watts: 299
...........Volts: 299.8	Amps: 1.0	Watts: 299
..........Volts: 299.8	Amps: 1.0	Watts: 299
...........Volts: 296.0	Amps: 2.5	Watts: 740
............Volts: 291.5	Amps: 21.2	Watts: 6179
...........Volts: 286.3	Amps: 42.1	Watts: 12053
...........Volts: 286.1	Amps: 59.5	Watts: 17022
...........Volts: 284.2	Amps: 76.8	Watts: 21826
............Volts: 284.9	Amps: 77.3	Watts: 22022
...........Volts: 282.6	Amps: 81.6	Watts: 23060
..........Volts: 282.3	Amps: 87.1	Watts: 24588
...........Volts: 282.8	Amps: 91.0	Watts: 25734
...........Volts: 282.1	Amps: 87.0	Watts: 24542
...........Volts: 282.2	Amps: 82.0	Watts: 23140
...........Volts: 285.3	Amps: 80.8	Watts: 23052
..........Volts: 284.9	Amps: 68.8	Watts: 19601
..........Volts: 285.2	Amps: 68.5	Watts: 19536
...........Volts: 289.9	Amps: 67.3	Watts: 19510
..........Volts: 310.0	Amps: 25.4	Watts: 7874
...........Volts: 312.5	Amps: -71.4	Watts: -22312
..........Volts: 307.0	Amps: -67.4	Watts: -20691
...........Volts: 309.6	Amps: -61.6	Watts: -19071
..........Volts: 308.1	Amps: -49.6	Watts: -15281
............Volts: 310.7	Amps: -58.6	Watts: -18207
...........Volts: 303.8	Amps: -45.3	Watts: -13762
...........Volts: 303.7	Amps: -23.9	Watts: -7258
............Volts: 302.1	Amps: -22.6	Watts: -6827
............Volts: 301.1	Amps: -14.0	Watts: -4215
...........Volts: 299.5	Amps: 0.6	Watts: 179
..........Volts: 299.8	Amps: 1.4	Watts: 419
............Volts: 299.8	Amps: 1.2	Watts: 359
............Volts: 299.8	Amps: 1.1	Watts: 329
...........Volts: 299.7	Amps: 1.2	Watts: 359
............Volts: 299.8	Amps: 1.1	Watts: 329
...........Volts: 299.4	Amps: 1.2	Watts: 359
...........Volts: 293.8	Amps: 14.8	Watts: 4348
..........Volts: 291.4	Amps: 49.0	Watts: 14278
...........Volts: 299.5	Amps: 20.3	Watts: 6079
..........Volts: 302.1	Amps: -0.2	Watts: -60
..........Volts: 299.6	Amps: -7.9	Watts: -2366
...........Volts: 285.9	Amps: 3.6	Watts: 1029
...........Volts: 283.0	Amps: 64.8	Watts: 18338
...........Volts: 283.3	Amps: 92.8	Watts: 26290
..........Volts: 281.0	Amps: 94.8	Watts: 26638
...........Volts: 279.3	Amps: 103.5	Watts: 28907
..........Volts: 283.7	Amps: 110.9	Watts: 31462
...........Volts: 289.3	Amps: 91.1	Watts: 26355
..........Volts: 291.2	Amps: 50.5	Watts: 14705
...........Volts: 291.0	Amps: 37.7	Watts: 10970
..........Volts: 289.1	Amps: 39.0	Watts: 11274
...........Volts: 306.8	Amps: 14.9	Watts: 4571
..........Volts: 308.7	Amps: -59.1	Watts: -18244
............Volts: 306.9	Amps: -53.3	Watts: -16357
...........Volts: 306.5	Amps: -46.4	Watts: -14221
............Volts: 293.7	Amps: -29.0	Watts: -8517
............Volts: 282.2	Amps: 24.6	Watts: 6942
...........Volts: 282.2	Amps: 83.2	Watts: 23479
...........Volts: 290.8	Amps: 69.1	Watts: 20094
...........Volts: 292.9	Amps: 32.5	Watts: 9519
...........Volts: 291.8	Amps: 32.0	Watts: 9337
...........Volts: 295.0	Amps: 27.3	Watts: 8053
..........Volts: 295.4	Amps: 17.1	Watts: 5051
...........Volts: 295.6	Amps: 15.8	Watts: 4670
...........Volts: 295.6	Amps: 15.7	Watts: 4640
............Volts: 291.7	Amps: 22.7	Watts: 6621
...........Volts: 292.2	Amps: 37.8	Watts: 11045
...........Volts: 291.5	Amps: 37.8	Watts: 11018
..........Volts: 290.9	Amps: 38.0	Watts: 11054
...........Volts: 292.0	Amps: 37.8	Watts: 11037
............Volts: 291.2	Amps: 36.2	Watts: 10541
...........Volts: 291.9	Amps: 35.9	Watts: 10479
............Volts: 291.6	Amps: 35.8	Watts: 10439
...........Volts: 291.6	Amps: 35.9	Watts: 10468
..........Volts: 291.9	Amps: 35.5	Watts: 10362
...........Volts: 292.6	Amps: 32.2	Watts: 9421
............Volts: 292.5	Amps: 30.4	Watts: 8892
............Volts: 292.0	Amps: 30.4	Watts: 8876
...........Volts: 294.0	Amps: 29.9	Watts: 8790
..........Volts: 293.7	Amps: 23.2	Watts: 6813
...........Volts: 293.9	Amps: 23.1	Watts: 6789
..........Volts: 291.3	Amps: 30.5	Watts: 8884
............Volts: 292.1	Amps: 36.2	Watts: 10574
...........Volts: 291.6	Amps: 35.8	Watts: 10439
...........Volts: 292.8	Amps: 35.1	Watts: 10277
............Volts: 292.6	Amps: 28.9	Watts: 8456
...........Volts: 293.1	Amps: 27.2	Watts: 7972
...........Volts: 293.0	Amps: 27.2	Watts: 7969
............Volts: 311.8	Amps: -9.2	Watts: -2868
...........Volts: 315.1	Amps: -97.8	Watts: -30816
............Volts: 306.1	Amps: -86.7	Watts: -26538
............Volts: 300.3	Amps: -41.0	Watts: -12312
...........Volts: 291.6	Amps: 35.4	Watts: 10322
..........Volts: 289.6	Amps: 51.5	Watts: 14914
............Volts: 286.6	Amps: 66.5	Watts: 19058
............Volts: 284.4	Amps: 75.5	Watts: 21472
..........Volts: 284.1	Amps: 79.6	Watts: 22614
...........Volts: 287.1	Amps: 79.6	Watts: 22853
..........Volts: 290.0	Amps: 55.8	Watts: 16182
...........Volts: 294.6	Amps: 42.1	Watts: 12402
............Volts: 307.9	Amps: -35.6	Watts: -10961
............Volts: 297.5	Amps: -30.3	Watts: -9014
...........Volts: 294.2	Amps: 11.0	Watts: 3236
..........Volts: 306.5	Amps: 0.4	Watts: 122
...........Volts: 305.3	Amps: -44.3	Watts: -13524
..........Volts: 304.6	Amps: -37.5	Watts: -11422
...........Volts: 303.5	Amps: -24.7	Watts: -7496
............Volts: 302.1	Amps: -19.1	Watts: -5770
...........Volts: 301.5	Amps: -14.0	Watts: -4221
...........Volts: 300.1	Amps: -10.1	Watts: -3031
..........Volts: 299.8	Amps: -7.0	Watts: -2098
...........Volts: 293.1	Amps: -0.5	Watts: -146
............Volts: 292.8	Amps: 39.4	Watts: 11536
..........Volts: 296.3	Amps: 37.9	Watts: 11229
...........Volts: 294.9	Amps: 23.2	Watts: 6841
............Volts: 295.4	Amps: 23.8	Watts: 7030
...........Volts: 294.4	Amps: 24.5	Watts: 7212
............Volts: 293.7	Amps: 25.0	Watts: 7342
............Volts: 300.7	Amps: 25.5	Watts: 7667
...........Volts: 302.7	Amps: 2.0	Watts: 605
............Volts: 301.7	Amps: -16.6	Watts: -5008
............Volts: 299.9	Amps: -11.6	Watts: -3478
...........Volts: 292.3	Amps: 19.3	Watts: 5641
...........Volts: 300.0	Amps: 38.6	Watts: 11580
..........Volts: 301.4	Amps: -5.5	Watts: -1657
...........Volts: 302.9	Amps: -13.6	Watts: -4119
............Volts: 301.0	Amps: -20.4	Watts: -6140
............Volts: 301.8	Amps: -3.3	Watts: -995
...........Volts: 299.5	Amps: 0.8	Watts: 239
..........Volts: 298.4	Amps: 1.2	Watts: 358
...........Volts: 293.5	Amps: 9.5	Watts: 2788
...........Volts: 294.5	Amps: 25.3	Watts: 7450
............Volts: 295.1	Amps: 30.6	Watts: 9030
..........Volts: 296.3	Amps: 27.7	Watts: 8207
...........Volts: 300.0	Amps: 3.8	Watts: 1140
...........Volts: 299.7	Amps: -2.2	Watts: -659
............Volts: 299.3	Amps: -1.3	Watts: -389
...........Volts: 299.3	Amps: -0.5	Watts: -149
...........Volts: 299.3	Amps: 0.0	Watts: 0
...........Volts: 299.0	Amps: 0.5	Watts: 149
...........Volts: 299.2	Amps: 0.9	Watts: 269
............Volts: 298.9	Amps: 0.0	Watts: 0
...........Volts: 299.5	Amps: -2.1	Watts: -628
..........Volts: 299.3	Amps: 1.2	Watts: 359
............Volts: 299.3	Amps: 1.8	Watts: 538
...........Volts: 299.2	Amps: 1.8	Watts: 538
...........Volts: 298.2	Amps: 2.6	Watts: 775
...........Volts: 299.0	Amps: 5.3	Watts: 1584
...........Volts: 298.8	Amps: 5.0	Watts: 1494
..........Volts: 298.1	Amps: 4.4	Watts: 1311
............Volts: 298.7	Amps: 3.6	Watts: 1075
..........Volts: 299.0	Amps: 3.6	Watts: 1076
...........Volts: 298.9	Amps: 3.0	Watts: 896
...........Volts: 299.7	Amps: 1.5	Watts: 449
............Volts: 299.7	Amps: 0.7	Watts: 209
............Volts: 299.8	Amps: 0.7	Watts: 209
...........Volts: 299.7	Amps: 0.7	Watts: 209
...........Volts: 299.8	Amps: 0.7	Watts: 209
...........Volts: 299.8	Amps: 0.7	Watts: 209
...........Volts: 299.8	Amps: 0.7	Watts: 209
...........Volts: 299.7	Amps: 0.7	Watts: 209
............Volts: 299.7	Amps: 0.7	Watts: 209
............Volts: 299.7	Amps: 0.7	Watts: 209
...........Volts: 299.8	Amps: 0.7	Watts: 209
...........Volts: 299.8	Amps: 0.7	Watts: 209
............Volts: 299.8	Amps: 0.7	Watts: 209
...........Volts: 299.8	Amps: 0.7	Watts: 209
...........Volts: 299.8	Amps: 0.7	Watts: 209
..........Volts: 299.8	Amps: 0.7	Watts: 209
...........Volts: 299.8	Amps: 0.7	Watts: 209
..........Volts: 299.7	Amps: 0.7	Watts: 209
..........Volts: 299.8	Amps: 0.7	Watts: 209
..........Volts: 299.9	Amps: 0.7	Watts: 209
..........Volts: 299.8	Amps: 0.7	Watts: 209
..........Volts: 299.9	Amps: 0.7	Watts: 209
......
Wed 03 Jan 2024 03:16:11 PM PST
